<?xml version="1.0" encoding="UTF-8"?>
<!-- Generated by org.testng.reporters.JUnitReportReporter -->
<testsuite name="Academy.TestLoginPage" tests="1" time="0.000" ignored="2" failures="0" timestamp="19 Jun 2020 12:58:24 GMT" skipped="1" hostname="DESKTOP-KG66QG6" errors="0">
  <testcase name="login" time="0.000" classname="Academy.TestLoginPage">
    <skipped/>
  </testcase> <!-- login -->
  <testcase name="reports" classname="Academy.resources.Base">
    <skipped/>
  </testcase> <!-- reports -->
  <testcase name="reports" classname="Academy.resources.Base">
    <skipped/>
  </testcase> <!-- reports -->
</testsuite> <!-- Academy.TestLoginPage -->
