<?xml version="1.0" encoding="UTF-8"?>
<!-- Generated by org.testng.reporters.JUnitReportReporter -->
<testsuite name="cucumberOptions.TestRunner" tests="1" time="16.598" ignored="0" failures="0" timestamp="27 Jun 2020 14:53:40 GMT" skipped="0" hostname="DESKTOP-KG66QG6" errors="0">
  <testcase name="feature" time="16.598" classname="cucumberOptions.TestRunner"/>
</testsuite> <!-- cucumberOptions.TestRunner -->
