<?xml version="1.0" encoding="UTF-8"?>
<!-- Generated by org.testng.reporters.JUnitReportReporter -->
<testsuite name="Academy.TestTimeTrackPage" tests="1" time="0.001" ignored="2" failures="0" timestamp="19 Jun 2020 12:58:24 GMT" skipped="1" hostname="DESKTOP-KG66QG6" errors="0">
  <testcase name="timeTrack" time="0.001" classname="Academy.TestTimeTrackPage">
    <skipped/>
  </testcase> <!-- timeTrack -->
  <testcase name="reports" classname="Academy.resources.Base">
    <skipped/>
  </testcase> <!-- reports -->
  <testcase name="reports" classname="Academy.resources.Base">
    <skipped/>
  </testcase> <!-- reports -->
</testsuite> <!-- Academy.TestTimeTrackPage -->
