<?xml version="1.0" encoding="UTF-8"?>
<!-- Generated by org.testng.reporters.JUnitReportReporter -->
<testsuite name="Academy.tests.LoginPageTest" tests="1" time="15.334" ignored="6" failures="0" timestamp="27 Jun 2020 14:32:02 GMT" skipped="0" hostname="DESKTOP-KG66QG6" errors="0">
  <testcase name="login" time="15.334" classname="Academy.tests.LoginPageTest"/>
  <testcase name="endReport" classname="Academy.resources.Base">
    <skipped/>
  </testcase> <!-- endReport -->
  <testcase name="endReport" classname="Academy.resources.Base">
    <skipped/>
  </testcase> <!-- endReport -->
  <testcase name="endReport" classname="Academy.resources.Base">
    <skipped/>
  </testcase> <!-- endReport -->
  <testcase name="extentReportsIntialization" classname="Academy.resources.Base">
    <skipped/>
  </testcase> <!-- extentReportsIntialization -->
  <testcase name="extentReportsIntialization" classname="Academy.resources.Base">
    <skipped/>
  </testcase> <!-- extentReportsIntialization -->
  <testcase name="extentReportsIntialization" classname="Academy.resources.Base">
    <skipped/>
  </testcase> <!-- extentReportsIntialization -->
</testsuite> <!-- Academy.tests.LoginPageTest -->
