<?xml version="1.0" encoding="UTF-8"?>
<!-- Generated by org.testng.reporters.JUnitReportReporter -->
<testsuite name="Academy.tests.TestLoginPage" tests="1" time="13.282" ignored="2" failures="0" timestamp="19 Jun 2020 16:18:17 GMT" skipped="0" hostname="DESKTOP-KG66QG6" errors="0">
  <testcase name="login" time="13.282" classname="Academy.tests.TestLoginPage"/>
  <testcase name="reports" classname="Academy.resources.Base">
    <skipped/>
  </testcase> <!-- reports -->
  <testcase name="reports" classname="Academy.resources.Base">
    <skipped/>
  </testcase> <!-- reports -->
</testsuite> <!-- Academy.tests.TestLoginPage -->
