<?xml version="1.0" encoding="UTF-8"?>
<!-- Generated by org.testng.reporters.JUnitReportReporter -->
<testsuite hostname="DESKTOP-KG66QG6" failures="0" tests="1" name="Academy.tests.TimeTrackPageTest" time="14.479" errors="0" timestamp="2020-06-27T21:01:49 IST" skipped="0">
  <testcase classname="Academy.tests.TimeTrackPageTest" name="timeTrack" time="14.479"/>
  <system-out>
The title is true--->actiTIME - Login The title is true--->actiTIME - Enter Time-Track The title is true--->actiTIME - Licenses  </system-out>
</testsuite> <!-- Academy.tests.TimeTrackPageTest -->
